{"/Users/leotang/workspace/simple-invite-page/src/app.js": {"path":"/Users/leotang/workspace/simple-invite-page/src/app.js","statementMap":{"0":{"start":{"line":7,"column":2},"end":{"line":15,"column":4}}},"fnMap":{"0":{"name":"App","decl":{"start":{"line":6,"column":9},"end":{"line":6,"column":12}},"loc":{"start":{"line":6,"column":15},"end":{"line":16,"column":1}},"line":6}},"branchMap":{},"s":{"0":5},"f":{"0":5},"b":{},"_coverageSchema":"1a1c01bbd47fc00a2c39e90264f33305004495a9","hash":"baa8611d1efc05f913f0d414f2f7c1e456d1670b"}
,"/Users/leotang/workspace/simple-invite-page/src/components/button/index.js": {"path":"/Users/leotang/workspace/simple-invite-page/src/components/button/index.js","statementMap":{"0":{"start":{"line":13,"column":2},"end":{"line":25,"column":4}}},"fnMap":{"0":{"name":"Button","decl":{"start":{"line":6,"column":9},"end":{"line":6,"column":15}},"loc":{"start":{"line":12,"column":3},"end":{"line":26,"column":1}},"line":12}},"branchMap":{"0":{"loc":{"start":{"line":9,"column":2},"end":{"line":9,"column":17}},"type":"default-arg","locations":[{"start":{"line":9,"column":12},"end":{"line":9,"column":17}}],"line":9},"1":{"loc":{"start":{"line":10,"column":2},"end":{"line":10,"column":18}},"type":"default-arg","locations":[{"start":{"line":10,"column":13},"end":{"line":10,"column":18}}],"line":10},"2":{"loc":{"start":{"line":17,"column":8},"end":{"line":17,"column":49}},"type":"binary-expr","locations":[{"start":{"line":17,"column":9},"end":{"line":17,"column":16}},{"start":{"line":17,"column":20},"end":{"line":17,"column":28}},{"start":{"line":17,"column":33},"end":{"line":17,"column":49}}],"line":17},"3":{"loc":{"start":{"line":22,"column":7},"end":{"line":22,"column":27}},"type":"binary-expr","locations":[{"start":{"line":22,"column":7},"end":{"line":22,"column":15}},{"start":{"line":22,"column":19},"end":{"line":22,"column":27}}],"line":22},"4":{"loc":{"start":{"line":23,"column":7},"end":{"line":23,"column":29}},"type":"binary-expr","locations":[{"start":{"line":23,"column":7},"end":{"line":23,"column":14}},{"start":{"line":23,"column":18},"end":{"line":23,"column":29}}],"line":23}},"s":{"0":246},"f":{"0":246},"b":{"0":[13],"1":[236],"2":[246,241,8],"3":[246,241],"4":[246,5]},"_coverageSchema":"1a1c01bbd47fc00a2c39e90264f33305004495a9","hash":"03e88bd975beaad2383a4fdf4f913403440176db"}
,"/Users/leotang/workspace/simple-invite-page/src/components/input/index.js": {"path":"/Users/leotang/workspace/simple-invite-page/src/components/input/index.js","statementMap":{"0":{"start":{"line":14,"column":26},"end":{"line":16,"column":3}},"1":{"start":{"line":15,"column":4},"end":{"line":15,"column":29}},"2":{"start":{"line":15,"column":16},"end":{"line":15,"column":29}},"3":{"start":{"line":18,"column":28},"end":{"line":20,"column":3}},"4":{"start":{"line":19,"column":4},"end":{"line":19,"column":47}},"5":{"start":{"line":19,"column":18},"end":{"line":19,"column":47}},"6":{"start":{"line":22,"column":2},"end":{"line":33,"column":4}}},"fnMap":{"0":{"name":"Input","decl":{"start":{"line":5,"column":9},"end":{"line":5,"column":14}},"loc":{"start":{"line":13,"column":3},"end":{"line":34,"column":1}},"line":13},"1":{"name":"(anonymous_1)","decl":{"start":{"line":14,"column":26},"end":{"line":14,"column":27}},"loc":{"start":{"line":14,"column":32},"end":{"line":16,"column":3}},"line":14},"2":{"name":"(anonymous_2)","decl":{"start":{"line":18,"column":28},"end":{"line":18,"column":29}},"loc":{"start":{"line":18,"column":39},"end":{"line":20,"column":3}},"line":18}},"branchMap":{"0":{"loc":{"start":{"line":15,"column":4},"end":{"line":15,"column":29}},"type":"if","locations":[{"start":{"line":15,"column":4},"end":{"line":15,"column":29}},{"start":{"line":15,"column":4},"end":{"line":15,"column":29}}],"line":15},"1":{"loc":{"start":{"line":19,"column":4},"end":{"line":19,"column":47}},"type":"if","locations":[{"start":{"line":19,"column":4},"end":{"line":19,"column":47}},{"start":{"line":19,"column":4},"end":{"line":19,"column":47}}],"line":19},"2":{"loc":{"start":{"line":25,"column":56},"end":{"line":25,"column":81}},"type":"binary-expr","locations":[{"start":{"line":25,"column":56},"end":{"line":25,"column":64}},{"start":{"line":25,"column":68},"end":{"line":25,"column":81}}],"line":25},"3":{"loc":{"start":{"line":31,"column":7},"end":{"line":31,"column":65}},"type":"binary-expr","locations":[{"start":{"line":31,"column":7},"end":{"line":31,"column":15}},{"start":{"line":31,"column":19},"end":{"line":31,"column":65}}],"line":31}},"s":{"0":699,"1":19,"2":19,"3":699,"4":207,"5":207,"6":699},"f":{"0":699,"1":19,"2":207},"b":{"0":[19,0],"1":[207,0],"2":[699,21],"3":[699,21]},"_coverageSchema":"1a1c01bbd47fc00a2c39e90264f33305004495a9","hash":"0f4e48ec26cf13b701d85e42cde9e21f868bd932"}
,"/Users/leotang/workspace/simple-invite-page/src/components/loading/index.js": {"path":"/Users/leotang/workspace/simple-invite-page/src/components/loading/index.js","statementMap":{"0":{"start":{"line":6,"column":2},"end":{"line":14,"column":4}}},"fnMap":{"0":{"name":"Loading","decl":{"start":{"line":5,"column":9},"end":{"line":5,"column":16}},"loc":{"start":{"line":5,"column":32},"end":{"line":15,"column":1}},"line":5}},"branchMap":{},"s":{"0":5},"f":{"0":5},"b":{},"_coverageSchema":"1a1c01bbd47fc00a2c39e90264f33305004495a9","hash":"e21b8a4ea3d8db2682f8ed3592c3c8d7a7eaea8f"}
,"/Users/leotang/workspace/simple-invite-page/src/components/modal/index.js": {"path":"/Users/leotang/workspace/simple-invite-page/src/components/modal/index.js","statementMap":{"0":{"start":{"line":6,"column":40},"end":{"line":6,"column":63}},"1":{"start":{"line":7,"column":19},"end":{"line":7,"column":33}},"2":{"start":{"line":9,"column":2},"end":{"line":15,"column":15}},"3":{"start":{"line":10,"column":4},"end":{"line":10,"column":27}},"4":{"start":{"line":12,"column":4},"end":{"line":14,"column":5}},"5":{"start":{"line":13,"column":6},"end":{"line":13,"column":16}},"6":{"start":{"line":17,"column":27},"end":{"line":20,"column":3}},"7":{"start":{"line":18,"column":4},"end":{"line":18,"column":27}},"8":{"start":{"line":18,"column":17},"end":{"line":18,"column":27}},"9":{"start":{"line":19,"column":4},"end":{"line":19,"column":26}},"10":{"start":{"line":23,"column":34},"end":{"line":27,"column":3}},"11":{"start":{"line":24,"column":4},"end":{"line":26,"column":5}},"12":{"start":{"line":25,"column":6},"end":{"line":25,"column":25}},"13":{"start":{"line":29,"column":2},"end":{"line":38,"column":4}}},"fnMap":{"0":{"name":"Modal","decl":{"start":{"line":5,"column":9},"end":{"line":5,"column":14}},"loc":{"start":{"line":5,"column":71},"end":{"line":39,"column":1}},"line":5},"1":{"name":"(anonymous_1)","decl":{"start":{"line":9,"column":18},"end":{"line":9,"column":19}},"loc":{"start":{"line":9,"column":24},"end":{"line":15,"column":3}},"line":9},"2":{"name":"(anonymous_2)","decl":{"start":{"line":17,"column":27},"end":{"line":17,"column":28}},"loc":{"start":{"line":17,"column":33},"end":{"line":20,"column":3}},"line":17},"3":{"name":"(anonymous_3)","decl":{"start":{"line":23,"column":34},"end":{"line":23,"column":35}},"loc":{"start":{"line":23,"column":41},"end":{"line":27,"column":3}},"line":23}},"branchMap":{"0":{"loc":{"start":{"line":5,"column":36},"end":{"line":5,"column":50}},"type":"default-arg","locations":[{"start":{"line":5,"column":46},"end":{"line":5,"column":50}}],"line":5},"1":{"loc":{"start":{"line":5,"column":52},"end":{"line":5,"column":67}},"type":"default-arg","locations":[{"start":{"line":5,"column":62},"end":{"line":5,"column":67}}],"line":5},"2":{"loc":{"start":{"line":12,"column":4},"end":{"line":14,"column":5}},"type":"if","locations":[{"start":{"line":12,"column":4},"end":{"line":14,"column":5}},{"start":{"line":12,"column":4},"end":{"line":14,"column":5}}],"line":12},"3":{"loc":{"start":{"line":12,"column":8},"end":{"line":12,"column":27}},"type":"binary-expr","locations":[{"start":{"line":12,"column":8},"end":{"line":12,"column":16}},{"start":{"line":12,"column":20},"end":{"line":12,"column":27}}],"line":12},"4":{"loc":{"start":{"line":18,"column":4},"end":{"line":18,"column":27}},"type":"if","locations":[{"start":{"line":18,"column":4},"end":{"line":18,"column":27}},{"start":{"line":18,"column":4},"end":{"line":18,"column":27}}],"line":18},"5":{"loc":{"start":{"line":24,"column":4},"end":{"line":26,"column":5}},"type":"if","locations":[{"start":{"line":24,"column":4},"end":{"line":26,"column":5}},{"start":{"line":24,"column":4},"end":{"line":26,"column":5}}],"line":24},"6":{"loc":{"start":{"line":30,"column":53},"end":{"line":30,"column":83}},"type":"binary-expr","locations":[{"start":{"line":30,"column":53},"end":{"line":30,"column":64}},{"start":{"line":30,"column":68},"end":{"line":30,"column":83}}],"line":30},"7":{"loc":{"start":{"line":31,"column":7},"end":{"line":31,"column":75}},"type":"binary-expr","locations":[{"start":{"line":31,"column":7},"end":{"line":31,"column":14}},{"start":{"line":31,"column":18},"end":{"line":31,"column":75}}],"line":31}},"s":{"0":8,"1":8,"2":8,"3":6,"4":6,"5":1,"6":8,"7":2,"8":2,"9":2,"10":8,"11":7,"12":2,"13":8},"f":{"0":8,"1":6,"2":2,"3":7},"b":{"0":[6],"1":[0],"2":[1,5],"3":[6,1],"4":[2,0],"5":[2,5],"6":[8,6],"7":[8,8]},"_coverageSchema":"1a1c01bbd47fc00a2c39e90264f33305004495a9","hash":"211f8fe2ad3fc69162b037e247416d43a075dd3a"}
,"/Users/leotang/workspace/simple-invite-page/src/constants/index.js": {"path":"/Users/leotang/workspace/simple-invite-page/src/constants/index.js","statementMap":{"0":{"start":{"line":1,"column":19},"end":{"line":4,"column":1}}},"fnMap":{},"branchMap":{},"s":{"0":2},"f":{},"b":{},"_coverageSchema":"1a1c01bbd47fc00a2c39e90264f33305004495a9","hash":"072284786a87ccb2d6d218539a346ae2036d550d"}
,"/Users/leotang/workspace/simple-invite-page/src/containers/footer/index.js": {"path":"/Users/leotang/workspace/simple-invite-page/src/containers/footer/index.js","statementMap":{"0":{"start":{"line":6,"column":2},"end":{"line":12,"column":9}}},"fnMap":{"0":{"name":"Footer","decl":{"start":{"line":5,"column":9},"end":{"line":5,"column":15}},"loc":{"start":{"line":5,"column":18},"end":{"line":13,"column":1}},"line":5}},"branchMap":{},"s":{"0":5},"f":{"0":5},"b":{},"_coverageSchema":"1a1c01bbd47fc00a2c39e90264f33305004495a9","hash":"20f88d3b7c6701ef23029de081cd1b01a3f6df9b"}
,"/Users/leotang/workspace/simple-invite-page/src/containers/header/index.js": {"path":"/Users/leotang/workspace/simple-invite-page/src/containers/header/index.js","statementMap":{"0":{"start":{"line":5,"column":2},"end":{"line":7,"column":9}}},"fnMap":{"0":{"name":"Header","decl":{"start":{"line":4,"column":9},"end":{"line":4,"column":15}},"loc":{"start":{"line":4,"column":18},"end":{"line":8,"column":1}},"line":4}},"branchMap":{},"s":{"0":5},"f":{"0":5},"b":{},"_coverageSchema":"1a1c01bbd47fc00a2c39e90264f33305004495a9","hash":"c3985af0a8297a5e7dd125219110af231b7fb748"}
,"/Users/leotang/workspace/simple-invite-page/src/containers/invitation-content/index.js": {"path":"/Users/leotang/workspace/simple-invite-page/src/containers/invitation-content/index.js","statementMap":{"0":{"start":{"line":8,"column":40},"end":{"line":8,"column":55}},"1":{"start":{"line":10,"column":2},"end":{"line":24,"column":4}},"2":{"start":{"line":16,"column":57},"end":{"line":16,"column":77}},"3":{"start":{"line":20,"column":67},"end":{"line":20,"column":88}},"4":{"start":{"line":21,"column":47},"end":{"line":21,"column":68}}},"fnMap":{"0":{"name":"InvitationContent","decl":{"start":{"line":7,"column":9},"end":{"line":7,"column":26}},"loc":{"start":{"line":7,"column":29},"end":{"line":25,"column":1}},"line":7},"1":{"name":"(anonymous_1)","decl":{"start":{"line":16,"column":50},"end":{"line":16,"column":51}},"loc":{"start":{"line":16,"column":56},"end":{"line":16,"column":78}},"line":16},"2":{"name":"(anonymous_2)","decl":{"start":{"line":20,"column":60},"end":{"line":20,"column":61}},"loc":{"start":{"line":20,"column":66},"end":{"line":20,"column":89}},"line":20},"3":{"name":"(anonymous_3)","decl":{"start":{"line":21,"column":40},"end":{"line":21,"column":41}},"loc":{"start":{"line":21,"column":46},"end":{"line":21,"column":69}},"line":21}},"branchMap":{"0":{"loc":{"start":{"line":20,"column":7},"end":{"line":22,"column":14}},"type":"binary-expr","locations":[{"start":{"line":20,"column":7},"end":{"line":20,"column":18}},{"start":{"line":20,"column":22},"end":{"line":22,"column":14}}],"line":20}},"s":{"0":10,"1":10,"2":3,"3":1,"4":1},"f":{"0":10,"1":3,"2":1,"3":1},"b":{"0":[10,3]},"_coverageSchema":"1a1c01bbd47fc00a2c39e90264f33305004495a9","hash":"56030bd913f7a49d4ad63c687e5ec1b493ec47fd"}
,"/Users/leotang/workspace/simple-invite-page/src/containers/invitation-popup-content/index.js": {"path":"/Users/leotang/workspace/simple-invite-page/src/containers/invitation-popup-content/index.js","statementMap":{"0":{"start":{"line":8,"column":26},"end":{"line":8,"column":58}},"1":{"start":{"line":10,"column":2},"end":{"line":14,"column":20}},"2":{"start":{"line":11,"column":4},"end":{"line":13,"column":5}},"3":{"start":{"line":12,"column":6},"end":{"line":12,"column":38}},"4":{"start":{"line":16,"column":24},"end":{"line":18,"column":3}},"5":{"start":{"line":17,"column":4},"end":{"line":17,"column":14}},"6":{"start":{"line":20,"column":24},"end":{"line":22,"column":3}},"7":{"start":{"line":21,"column":4},"end":{"line":21,"column":32}},"8":{"start":{"line":24,"column":2},"end":{"line":39,"column":4}}},"fnMap":{"0":{"name":"InvitaionPopupContent","decl":{"start":{"line":7,"column":9},"end":{"line":7,"column":30}},"loc":{"start":{"line":7,"column":57},"end":{"line":40,"column":1}},"line":7},"1":{"name":"(anonymous_1)","decl":{"start":{"line":10,"column":12},"end":{"line":10,"column":13}},"loc":{"start":{"line":10,"column":18},"end":{"line":14,"column":3}},"line":10},"2":{"name":"(anonymous_2)","decl":{"start":{"line":16,"column":24},"end":{"line":16,"column":25}},"loc":{"start":{"line":16,"column":30},"end":{"line":18,"column":3}},"line":16},"3":{"name":"(anonymous_3)","decl":{"start":{"line":20,"column":24},"end":{"line":20,"column":25}},"loc":{"start":{"line":20,"column":30},"end":{"line":22,"column":3}},"line":20}},"branchMap":{"0":{"loc":{"start":{"line":11,"column":4},"end":{"line":13,"column":5}},"type":"if","locations":[{"start":{"line":11,"column":4},"end":{"line":13,"column":5}},{"start":{"line":11,"column":4},"end":{"line":13,"column":5}}],"line":11},"1":{"loc":{"start":{"line":29,"column":7},"end":{"line":34,"column":7}},"type":"binary-expr","locations":[{"start":{"line":29,"column":7},"end":{"line":29,"column":38}},{"start":{"line":30,"column":8},"end":{"line":33,"column":10}}],"line":29},"2":{"loc":{"start":{"line":35,"column":7},"end":{"line":37,"column":7}},"type":"binary-expr","locations":[{"start":{"line":35,"column":7},"end":{"line":35,"column":34}},{"start":{"line":36,"column":8},"end":{"line":36,"column":50}}],"line":35}},"s":{"0":16,"1":16,"2":13,"3":10,"4":16,"5":2,"6":16,"7":3,"8":16},"f":{"0":16,"1":13,"2":2,"3":3},"b":{"0":[10,3],"1":[16,13],"2":[16,3]},"_coverageSchema":"1a1c01bbd47fc00a2c39e90264f33305004495a9","hash":"888d6129b5fa04613f2965eb0208182bef463733"}
,"/Users/leotang/workspace/simple-invite-page/src/containers/invitation-popup-content/invite-form.js": {"path":"/Users/leotang/workspace/simple-invite-page/src/containers/invitation-popup-content/invite-form.js","statementMap":{"0":{"start":{"line":7,"column":24},"end":{"line":23,"column":1}},"1":{"start":{"line":25,"column":18},"end":{"line":25,"column":51}},"2":{"start":{"line":28,"column":34},"end":{"line":28,"column":59}},"3":{"start":{"line":29,"column":44},"end":{"line":29,"column":59}},"4":{"start":{"line":30,"column":38},"end":{"line":30,"column":53}},"5":{"start":{"line":32,"column":2},"end":{"line":43,"column":20}},"6":{"start":{"line":33,"column":20},"end":{"line":37,"column":5}},"7":{"start":{"line":34,"column":6},"end":{"line":36,"column":7}},"8":{"start":{"line":35,"column":8},"end":{"line":35,"column":37}},"9":{"start":{"line":38,"column":4},"end":{"line":38,"column":25}},"10":{"start":{"line":40,"column":4},"end":{"line":42,"column":6}},"11":{"start":{"line":41,"column":6},"end":{"line":41,"column":16}},"12":{"start":{"line":45,"column":27},"end":{"line":75,"column":3}},"13":{"start":{"line":46,"column":21},"end":{"line":46,"column":57}},"14":{"start":{"line":47,"column":22},"end":{"line":47,"column":26}},"15":{"start":{"line":48,"column":4},"end":{"line":48,"column":28}},"16":{"start":{"line":49,"column":4},"end":{"line":54,"column":7}},"17":{"start":{"line":50,"column":6},"end":{"line":52,"column":7}},"18":{"start":{"line":51,"column":8},"end":{"line":51,"column":28}},"19":{"start":{"line":53,"column":6},"end":{"line":53,"column":51}},"20":{"start":{"line":55,"column":4},"end":{"line":55,"column":26}},"21":{"start":{"line":56,"column":4},"end":{"line":74,"column":5}},"22":{"start":{"line":57,"column":6},"end":{"line":57,"column":26}},"23":{"start":{"line":58,"column":6},"end":{"line":73,"column":11}},"24":{"start":{"line":67,"column":10},"end":{"line":67,"column":22}},"25":{"start":{"line":68,"column":10},"end":{"line":68,"column":31}},"26":{"start":{"line":71,"column":10},"end":{"line":71,"column":33}},"27":{"start":{"line":72,"column":10},"end":{"line":72,"column":31}},"28":{"start":{"line":77,"column":24},"end":{"line":110,"column":3}},"29":{"start":{"line":79,"column":15},"end":{"line":79,"column":166}},"30":{"start":{"line":80,"column":18},"end":{"line":80,"column":38}},"31":{"start":{"line":81,"column":23},"end":{"line":81,"column":25}},"32":{"start":{"line":82,"column":4},"end":{"line":108,"column":5}},"33":{"start":{"line":85,"column":8},"end":{"line":88,"column":17}},"34":{"start":{"line":89,"column":8},"end":{"line":89,"column":14}},"35":{"start":{"line":93,"column":8},"end":{"line":95,"column":15}},"36":{"start":{"line":96,"column":8},"end":{"line":96,"column":14}},"37":{"start":{"line":100,"column":8},"end":{"line":104,"column":9}},"38":{"start":{"line":101,"column":10},"end":{"line":101,"column":54}},"39":{"start":{"line":102,"column":15},"end":{"line":104,"column":9}},"40":{"start":{"line":103,"column":10},"end":{"line":103,"column":62}},"41":{"start":{"line":106,"column":8},"end":{"line":106,"column":14}},"42":{"start":{"line":109,"column":4},"end":{"line":109,"column":24}},"43":{"start":{"line":112,"column":28},"end":{"line":117,"column":3}},"44":{"start":{"line":113,"column":21},"end":{"line":113,"column":57}},"45":{"start":{"line":114,"column":4},"end":{"line":114,"column":33}},"46":{"start":{"line":115,"column":4},"end":{"line":115,"column":30}},"47":{"start":{"line":116,"column":4},"end":{"line":116,"column":26}},"48":{"start":{"line":119,"column":30},"end":{"line":126,"column":3}},"49":{"start":{"line":120,"column":21},"end":{"line":120,"column":40}},"50":{"start":{"line":121,"column":4},"end":{"line":125,"column":5}},"51":{"start":{"line":122,"column":23},"end":{"line":122,"column":59}},"52":{"start":{"line":123,"column":6},"end":{"line":123,"column":38}},"53":{"start":{"line":124,"column":6},"end":{"line":124,"column":28}},"54":{"start":{"line":128,"column":2},"end":{"line":163,"column":4}},"55":{"start":{"line":134,"column":10},"end":{"line":145,"column":12}},"56":{"start":{"line":141,"column":14},"end":{"line":141,"column":41}}},"fnMap":{"0":{"name":"InviteForm","decl":{"start":{"line":27,"column":9},"end":{"line":27,"column":19}},"loc":{"start":{"line":27,"column":48},"end":{"line":164,"column":1}},"line":27},"1":{"name":"(anonymous_1)","decl":{"start":{"line":32,"column":12},"end":{"line":32,"column":13}},"loc":{"start":{"line":32,"column":18},"end":{"line":43,"column":3}},"line":32},"2":{"name":"(anonymous_2)","decl":{"start":{"line":33,"column":20},"end":{"line":33,"column":21}},"loc":{"start":{"line":33,"column":37},"end":{"line":37,"column":5}},"line":33},"3":{"name":"(anonymous_3)","decl":{"start":{"line":40,"column":11},"end":{"line":40,"column":12}},"loc":{"start":{"line":40,"column":17},"end":{"line":42,"column":5}},"line":40},"4":{"name":"(anonymous_4)","decl":{"start":{"line":45,"column":27},"end":{"line":45,"column":28}},"loc":{"start":{"line":45,"column":33},"end":{"line":75,"column":3}},"line":45},"5":{"name":"(anonymous_5)","decl":{"start":{"line":49,"column":18},"end":{"line":49,"column":19}},"loc":{"start":{"line":49,"column":29},"end":{"line":54,"column":5}},"line":49},"6":{"name":"(anonymous_6)","decl":{"start":{"line":66,"column":14},"end":{"line":66,"column":15}},"loc":{"start":{"line":66,"column":34},"end":{"line":69,"column":9}},"line":66},"7":{"name":"(anonymous_7)","decl":{"start":{"line":70,"column":15},"end":{"line":70,"column":16}},"loc":{"start":{"line":70,"column":27},"end":{"line":73,"column":9}},"line":70},"8":{"name":"(anonymous_8)","decl":{"start":{"line":77,"column":24},"end":{"line":77,"column":25}},"loc":{"start":{"line":77,"column":34},"end":{"line":110,"column":3}},"line":77},"9":{"name":"(anonymous_9)","decl":{"start":{"line":112,"column":28},"end":{"line":112,"column":29}},"loc":{"start":{"line":112,"column":45},"end":{"line":117,"column":3}},"line":112},"10":{"name":"(anonymous_10)","decl":{"start":{"line":119,"column":30},"end":{"line":119,"column":31}},"loc":{"start":{"line":119,"column":40},"end":{"line":126,"column":3}},"line":119},"11":{"name":"(anonymous_11)","decl":{"start":{"line":133,"column":23},"end":{"line":133,"column":24}},"loc":{"start":{"line":134,"column":10},"end":{"line":145,"column":12}},"line":134},"12":{"name":"(anonymous_12)","decl":{"start":{"line":140,"column":22},"end":{"line":140,"column":23}},"loc":{"start":{"line":140,"column":29},"end":{"line":142,"column":13}},"line":140}},"branchMap":{"0":{"loc":{"start":{"line":34,"column":6},"end":{"line":36,"column":7}},"type":"if","locations":[{"start":{"line":34,"column":6},"end":{"line":36,"column":7}},{"start":{"line":34,"column":6},"end":{"line":36,"column":7}}],"line":34},"1":{"loc":{"start":{"line":50,"column":6},"end":{"line":52,"column":7}},"type":"if","locations":[{"start":{"line":50,"column":6},"end":{"line":52,"column":7}},{"start":{"line":50,"column":6},"end":{"line":52,"column":7}}],"line":50},"2":{"loc":{"start":{"line":56,"column":4},"end":{"line":74,"column":5}},"type":"if","locations":[{"start":{"line":56,"column":4},"end":{"line":74,"column":5}},{"start":{"line":56,"column":4},"end":{"line":74,"column":5}}],"line":56},"3":{"loc":{"start":{"line":82,"column":4},"end":{"line":108,"column":5}},"type":"switch","locations":[{"start":{"line":84,"column":6},"end":{"line":90,"column":7}},{"start":{"line":92,"column":6},"end":{"line":97,"column":7}},{"start":{"line":99,"column":6},"end":{"line":107,"column":7}}],"line":82},"4":{"loc":{"start":{"line":86,"column":10},"end":{"line":88,"column":16}},"type":"cond-expr","locations":[{"start":{"line":87,"column":14},"end":{"line":87,"column":64}},{"start":{"line":88,"column":14},"end":{"line":88,"column":16}}],"line":86},"5":{"loc":{"start":{"line":93,"column":23},"end":{"line":95,"column":14}},"type":"cond-expr","locations":[{"start":{"line":94,"column":12},"end":{"line":94,"column":58}},{"start":{"line":95,"column":12},"end":{"line":95,"column":14}}],"line":93},"6":{"loc":{"start":{"line":100,"column":8},"end":{"line":104,"column":9}},"type":"if","locations":[{"start":{"line":100,"column":8},"end":{"line":104,"column":9}},{"start":{"line":100,"column":8},"end":{"line":104,"column":9}}],"line":100},"7":{"loc":{"start":{"line":102,"column":15},"end":{"line":104,"column":9}},"type":"if","locations":[{"start":{"line":102,"column":15},"end":{"line":104,"column":9}},{"start":{"line":102,"column":15},"end":{"line":104,"column":9}}],"line":102},"8":{"loc":{"start":{"line":121,"column":4},"end":{"line":125,"column":5}},"type":"if","locations":[{"start":{"line":121,"column":4},"end":{"line":125,"column":5}},{"start":{"line":121,"column":4},"end":{"line":125,"column":5}}],"line":121},"9":{"loc":{"start":{"line":156,"column":9},"end":{"line":160,"column":9}},"type":"binary-expr","locations":[{"start":{"line":156,"column":9},"end":{"line":156,"column":22}},{"start":{"line":157,"column":10},"end":{"line":159,"column":14}}],"line":156}},"s":{"0":2,"1":2,"2":233,"3":233,"4":233,"5":233,"6":13,"7":26,"8":23,"9":13,"10":13,"11":13,"12":233,"13":5,"14":5,"15":5,"16":5,"17":15,"18":2,"19":15,"20":5,"21":5,"22":4,"23":4,"24":3,"25":3,"26":1,"27":1,"28":233,"29":49,"30":49,"31":49,"32":49,"33":16,"34":16,"35":16,"36":16,"37":17,"38":1,"39":16,"40":1,"41":17,"42":49,"43":233,"44":207,"45":207,"46":207,"47":207,"48":233,"49":19,"50":19,"51":6,"52":6,"53":6,"54":233,"55":699,"56":207},"f":{"0":233,"1":13,"2":26,"3":13,"4":5,"5":15,"6":3,"7":1,"8":49,"9":207,"10":19,"11":699,"12":207},"b":{"0":[23,3],"1":[2,13],"2":[4,1],"3":[16,16,17],"4":[4,12],"5":[4,12],"6":[1,16],"7":[1,15],"8":[6,13],"9":[233,2]},"_coverageSchema":"1a1c01bbd47fc00a2c39e90264f33305004495a9","hash":"59ed4777dace82aa82881b6eafd34d35841069f6"}
,"/Users/leotang/workspace/simple-invite-page/src/containers/invitation-popup-content/success-content.js": {"path":"/Users/leotang/workspace/simple-invite-page/src/containers/invitation-popup-content/success-content.js","statementMap":{"0":{"start":{"line":6,"column":2},"end":{"line":17,"column":4}}},"fnMap":{"0":{"name":"SuccessContent","decl":{"start":{"line":5,"column":9},"end":{"line":5,"column":23}},"loc":{"start":{"line":5,"column":35},"end":{"line":18,"column":1}},"line":5}},"branchMap":{},"s":{"0":3},"f":{"0":3},"b":{},"_coverageSchema":"1a1c01bbd47fc00a2c39e90264f33305004495a9","hash":"95f24b6abe80e17cf32169e3588c4a3e91358ad5"}
}
