TN:
SF:src/app.js
FN:6,App
FNF:1
FNH:1
FNDA:5,App
DA:7,5
LF:1
LH:1
BRF:0
BRH:0
end_of_record
TN:
SF:src/components/button/index.js
FN:6,Button
FNF:1
FNH:1
FNDA:246,Button
DA:13,246
LF:1
LH:1
BRDA:9,0,0,13
BRDA:10,1,0,236
BRDA:17,2,0,246
BRDA:17,2,1,241
BRDA:17,2,2,8
BRDA:22,3,0,246
BRDA:22,3,1,241
BRDA:23,4,0,246
BRDA:23,4,1,5
BRF:9
BRH:9
end_of_record
TN:
SF:src/components/input/index.js
FN:5,Input
FN:14,(anonymous_1)
FN:18,(anonymous_2)
FNF:3
FNH:3
FNDA:699,Input
FNDA:19,(anonymous_1)
FNDA:207,(anonymous_2)
DA:14,699
DA:15,19
DA:18,699
DA:19,207
DA:22,699
LF:5
LH:5
BRDA:15,0,0,19
BRDA:15,0,1,0
BRDA:19,1,0,207
BRDA:19,1,1,0
BRDA:25,2,0,699
BRDA:25,2,1,21
BRDA:31,3,0,699
BRDA:31,3,1,21
BRF:8
BRH:6
end_of_record
TN:
SF:src/components/loading/index.js
FN:5,Loading
FNF:1
FNH:1
FNDA:5,Loading
DA:6,5
LF:1
LH:1
BRF:0
BRH:0
end_of_record
TN:
SF:src/components/modal/index.js
FN:5,Modal
FN:9,(anonymous_1)
FN:17,(anonymous_2)
FN:23,(anonymous_3)
FNF:4
FNH:4
FNDA:8,Modal
FNDA:6,(anonymous_1)
FNDA:2,(anonymous_2)
FNDA:7,(anonymous_3)
DA:6,8
DA:7,8
DA:9,8
DA:10,6
DA:12,6
DA:13,1
DA:17,8
DA:18,2
DA:19,2
DA:23,8
DA:24,7
DA:25,2
DA:29,8
LF:13
LH:13
BRDA:5,0,0,6
BRDA:5,1,0,0
BRDA:12,2,0,1
BRDA:12,2,1,5
BRDA:12,3,0,6
BRDA:12,3,1,1
BRDA:18,4,0,2
BRDA:18,4,1,0
BRDA:24,5,0,2
BRDA:24,5,1,5
BRDA:30,6,0,8
BRDA:30,6,1,6
BRDA:31,7,0,8
BRDA:31,7,1,8
BRF:14
BRH:12
end_of_record
TN:
SF:src/constants/index.js
FNF:0
FNH:0
DA:1,2
LF:1
LH:1
BRF:0
BRH:0
end_of_record
TN:
SF:src/containers/footer/index.js
FN:5,Footer
FNF:1
FNH:1
FNDA:5,Footer
DA:6,5
LF:1
LH:1
BRF:0
BRH:0
end_of_record
TN:
SF:src/containers/header/index.js
FN:4,Header
FNF:1
FNH:1
FNDA:5,Header
DA:5,5
LF:1
LH:1
BRF:0
BRH:0
end_of_record
TN:
SF:src/containers/invitation-content/index.js
FN:7,InvitationContent
FN:16,(anonymous_1)
FN:20,(anonymous_2)
FN:21,(anonymous_3)
FNF:4
FNH:4
FNDA:10,InvitationContent
FNDA:3,(anonymous_1)
FNDA:1,(anonymous_2)
FNDA:1,(anonymous_3)
DA:8,10
DA:10,10
DA:16,3
DA:20,1
DA:21,1
LF:5
LH:5
BRDA:20,0,0,10
BRDA:20,0,1,3
BRF:2
BRH:2
end_of_record
TN:
SF:src/containers/invitation-popup-content/index.js
FN:7,InvitaionPopupContent
FN:10,(anonymous_1)
FN:16,(anonymous_2)
FN:20,(anonymous_3)
FNF:4
FNH:4
FNDA:16,InvitaionPopupContent
FNDA:13,(anonymous_1)
FNDA:2,(anonymous_2)
FNDA:3,(anonymous_3)
DA:8,16
DA:10,16
DA:11,13
DA:12,10
DA:16,16
DA:17,2
DA:20,16
DA:21,3
DA:24,16
LF:9
LH:9
BRDA:11,0,0,10
BRDA:11,0,1,3
BRDA:29,1,0,16
BRDA:29,1,1,13
BRDA:35,2,0,16
BRDA:35,2,1,3
BRF:6
BRH:6
end_of_record
TN:
SF:src/containers/invitation-popup-content/invite-form.js
FN:27,InviteForm
FN:32,(anonymous_1)
FN:33,(anonymous_2)
FN:40,(anonymous_3)
FN:45,(anonymous_4)
FN:49,(anonymous_5)
FN:66,(anonymous_6)
FN:70,(anonymous_7)
FN:77,(anonymous_8)
FN:112,(anonymous_9)
FN:119,(anonymous_10)
FN:133,(anonymous_11)
FN:140,(anonymous_12)
FNF:13
FNH:13
FNDA:233,InviteForm
FNDA:13,(anonymous_1)
FNDA:26,(anonymous_2)
FNDA:13,(anonymous_3)
FNDA:5,(anonymous_4)
FNDA:15,(anonymous_5)
FNDA:3,(anonymous_6)
FNDA:1,(anonymous_7)
FNDA:49,(anonymous_8)
FNDA:207,(anonymous_9)
FNDA:19,(anonymous_10)
FNDA:699,(anonymous_11)
FNDA:207,(anonymous_12)
DA:7,2
DA:25,2
DA:28,233
DA:29,233
DA:30,233
DA:32,233
DA:33,13
DA:34,26
DA:35,23
DA:38,13
DA:40,13
DA:41,13
DA:45,233
DA:46,5
DA:47,5
DA:48,5
DA:49,5
DA:50,15
DA:51,2
DA:53,15
DA:55,5
DA:56,5
DA:57,4
DA:58,4
DA:67,3
DA:68,3
DA:71,1
DA:72,1
DA:77,233
DA:79,49
DA:80,49
DA:81,49
DA:82,49
DA:85,16
DA:89,16
DA:93,16
DA:96,16
DA:100,17
DA:101,1
DA:102,16
DA:103,1
DA:106,17
DA:109,49
DA:112,233
DA:113,207
DA:114,207
DA:115,207
DA:116,207
DA:119,233
DA:120,19
DA:121,19
DA:122,6
DA:123,6
DA:124,6
DA:128,233
DA:134,699
DA:141,207
LF:57
LH:57
BRDA:34,0,0,23
BRDA:34,0,1,3
BRDA:50,1,0,2
BRDA:50,1,1,13
BRDA:56,2,0,4
BRDA:56,2,1,1
BRDA:82,3,0,16
BRDA:82,3,1,16
BRDA:82,3,2,17
BRDA:86,4,0,4
BRDA:86,4,1,12
BRDA:93,5,0,4
BRDA:93,5,1,12
BRDA:100,6,0,1
BRDA:100,6,1,16
BRDA:102,7,0,1
BRDA:102,7,1,15
BRDA:121,8,0,6
BRDA:121,8,1,13
BRDA:156,9,0,233
BRDA:156,9,1,2
BRF:21
BRH:21
end_of_record
TN:
SF:src/containers/invitation-popup-content/success-content.js
FN:5,SuccessContent
FNF:1
FNH:1
FNDA:3,SuccessContent
DA:6,3
LF:1
LH:1
BRF:0
BRH:0
end_of_record
