TN:
SF:src/app.js
FN:6,App
FNF:1
FNH:1
FNDA:4,App
DA:7,4
LF:1
LH:1
BRF:0
BRH:0
end_of_record
TN:
SF:src/index.js
FNF:0
FNH:0
DA:6,0
LF:1
LH:0
BRF:0
BRH:0
end_of_record
TN:
SF:src/components/button/index.js
FN:6,Button
FNF:1
FNH:1
FNDA:191,Button
DA:13,191
LF:1
LH:1
BRDA:9,0,0,9
BRDA:10,1,0,184
BRDA:17,2,0,191
BRDA:17,2,1,187
BRDA:17,2,2,6
BRDA:22,3,0,191
BRDA:22,3,1,187
BRDA:23,4,0,191
BRDA:23,4,1,4
BRF:9
BRH:9
end_of_record
TN:
SF:src/components/input/index.js
FN:5,Input
FN:14,(anonymous_1)
FN:18,(anonymous_2)
FNF:3
FNH:3
FNDA:546,Input
FNDA:16,(anonymous_1)
FNDA:159,(anonymous_2)
DA:14,546
DA:15,16
DA:18,546
DA:19,159
DA:22,546
LF:5
LH:5
BRDA:15,0,0,16
BRDA:15,0,1,0
BRDA:19,1,0,159
BRDA:19,1,1,0
BRDA:25,2,0,546
BRDA:25,2,1,21
BRDA:31,3,0,546
BRDA:31,3,1,21
BRF:8
BRH:6
end_of_record
TN:
SF:src/components/loading/index.js
FN:5,Loading
FNF:1
FNH:1
FNDA:4,Loading
DA:6,4
LF:1
LH:1
BRF:0
BRH:0
end_of_record
TN:
SF:src/components/modal/index.js
FN:5,Modal
FN:9,(anonymous_1)
FN:17,(anonymous_2)
FN:23,(anonymous_3)
FNF:4
FNH:4
FNDA:2,Modal
FNDA:2,(anonymous_1)
FNDA:1,(anonymous_2)
FNDA:1,(anonymous_3)
DA:6,2
DA:7,2
DA:9,2
DA:10,2
DA:12,2
DA:13,0
DA:17,2
DA:18,1
DA:19,1
DA:23,2
DA:24,1
DA:25,1
DA:29,2
LF:13
LH:12
BRDA:5,0,0,2
BRDA:5,1,0,0
BRDA:12,2,0,0
BRDA:12,2,1,2
BRDA:12,3,0,2
BRDA:12,3,1,0
BRDA:18,4,0,1
BRDA:18,4,1,0
BRDA:24,5,0,1
BRDA:24,5,1,0
BRDA:30,6,0,2
BRDA:30,6,1,2
BRDA:31,7,0,2
BRDA:31,7,1,2
BRF:14
BRH:9
end_of_record
TN:
SF:src/components/toast/index.js
FNF:0
FNH:0
LF:0
LH:0
BRF:0
BRH:0
end_of_record
TN:
SF:src/constants/index.js
FNF:0
FNH:0
DA:1,2
LF:1
LH:1
BRF:0
BRH:0
end_of_record
TN:
SF:src/containers/footer/index.js
FN:5,Footer
FNF:1
FNH:1
FNDA:4,Footer
DA:6,4
LF:1
LH:1
BRF:0
BRH:0
end_of_record
TN:
SF:src/containers/header/index.js
FN:4,Header
FNF:1
FNH:1
FNDA:4,Header
DA:5,4
LF:1
LH:1
BRF:0
BRH:0
end_of_record
TN:
SF:src/containers/invitation-content/index.js
FN:7,InvitationContent
FN:16,(anonymous_1)
FN:20,(anonymous_2)
FN:21,(anonymous_3)
FNF:4
FNH:3
FNDA:7,InvitationContent
FNDA:2,(anonymous_1)
FNDA:1,(anonymous_2)
FNDA:0,(anonymous_3)
DA:8,7
DA:10,7
DA:16,2
DA:20,1
DA:21,0
LF:5
LH:4
BRDA:20,0,0,7
BRDA:20,0,1,2
BRF:2
BRH:2
end_of_record
TN:
SF:src/containers/invitation-popup-content/index.js
FN:7,InvitaionPopupContent
FN:10,(anonymous_1)
FN:16,(anonymous_2)
FN:20,(anonymous_3)
FNF:4
FNH:4
FNDA:13,InvitaionPopupContent
FNDA:11,(anonymous_1)
FNDA:1,(anonymous_2)
FNDA:2,(anonymous_3)
DA:8,13
DA:10,13
DA:11,11
DA:12,9
DA:16,13
DA:17,1
DA:20,13
DA:21,2
DA:24,13
LF:9
LH:9
BRDA:11,0,0,9
BRDA:11,0,1,2
BRDA:29,1,0,13
BRDA:29,1,1,11
BRDA:35,2,0,13
BRDA:35,2,1,2
BRF:6
BRH:6
end_of_record
TN:
SF:src/containers/invitation-popup-content/invite-form.js
FN:27,InviteForm
FN:32,(anonymous_1)
FN:33,(anonymous_2)
FN:40,(anonymous_3)
FN:45,(anonymous_4)
FN:49,(anonymous_5)
FN:66,(anonymous_6)
FN:70,(anonymous_7)
FN:77,(anonymous_8)
FN:112,(anonymous_9)
FN:119,(anonymous_10)
FN:133,(anonymous_11)
FN:140,(anonymous_12)
FNF:13
FNH:13
FNDA:182,InviteForm
FNDA:11,(anonymous_1)
FNDA:22,(anonymous_2)
FNDA:11,(anonymous_3)
FNDA:4,(anonymous_4)
FNDA:12,(anonymous_5)
FNDA:2,(anonymous_6)
FNDA:1,(anonymous_7)
FNDA:40,(anonymous_8)
FNDA:159,(anonymous_9)
FNDA:16,(anonymous_10)
FNDA:546,(anonymous_11)
FNDA:159,(anonymous_12)
DA:7,2
DA:25,2
DA:28,182
DA:29,182
DA:30,182
DA:32,182
DA:33,11
DA:34,22
DA:35,20
DA:38,11
DA:40,11
DA:41,11
DA:45,182
DA:46,4
DA:47,4
DA:48,4
DA:49,4
DA:50,12
DA:51,2
DA:53,12
DA:55,4
DA:56,4
DA:57,3
DA:58,3
DA:67,2
DA:68,2
DA:71,1
DA:72,1
DA:77,182
DA:79,40
DA:80,40
DA:81,40
DA:82,40
DA:85,13
DA:89,13
DA:93,13
DA:96,13
DA:100,14
DA:101,1
DA:102,13
DA:103,1
DA:106,14
DA:109,40
DA:112,182
DA:113,159
DA:114,159
DA:115,159
DA:116,159
DA:119,182
DA:120,16
DA:121,16
DA:122,6
DA:123,6
DA:124,6
DA:128,182
DA:134,546
DA:141,159
LF:57
LH:57
BRDA:34,0,0,20
BRDA:34,0,1,2
BRDA:50,1,0,2
BRDA:50,1,1,10
BRDA:56,2,0,3
BRDA:56,2,1,1
BRDA:82,3,0,13
BRDA:82,3,1,13
BRDA:82,3,2,14
BRDA:86,4,0,4
BRDA:86,4,1,9
BRDA:93,5,0,4
BRDA:93,5,1,9
BRDA:100,6,0,1
BRDA:100,6,1,13
BRDA:102,7,0,1
BRDA:102,7,1,12
BRDA:121,8,0,6
BRDA:121,8,1,10
BRDA:156,9,0,182
BRDA:156,9,1,2
BRF:21
BRH:21
end_of_record
TN:
SF:src/containers/invitation-popup-content/success-content.js
FN:5,SuccessContent
FNF:1
FNH:1
FNDA:2,SuccessContent
DA:6,2
LF:1
LH:1
BRF:0
BRH:0
end_of_record
